oct-25 21:19:45.157 [main] DEBUG nextflow.cli.Launcher - $> nextflow run tests/test_cosine_with_filter.nf -profile test
oct-25 21:19:45.250 [main] DEBUG nextflow.cli.CmdRun - N E X T F L O W  ~  version 25.04.7
oct-25 21:19:45.267 [main] DEBUG nextflow.plugin.PluginsFacade - Setting up plugin manager > mode=prod; embedded=false; plugins-dir=/home/miguelito/.nextflow/plugins; core-plugins: nf-amazon@2.15.0-patch1,nf-azure@1.16.0-patch1,nf-cloudcache@0.4.3,nf-codecommit@0.2.3,nf-console@1.2.1,nf-google@1.21.1,nf-k8s@1.0.0,nf-tower@1.11.4-patch1,nf-wave@1.12.1
oct-25 21:19:45.288 [main] INFO  o.pf4j.DefaultPluginStatusProvider - Enabled plugins: []
oct-25 21:19:45.288 [main] INFO  o.pf4j.DefaultPluginStatusProvider - Disabled plugins: []
oct-25 21:19:45.290 [main] INFO  org.pf4j.DefaultPluginManager - PF4J version 3.12.0 in 'deployment' mode
oct-25 21:19:45.298 [main] INFO  org.pf4j.AbstractPluginManager - No plugins
oct-25 21:19:45.314 [main] DEBUG nextflow.config.ConfigBuilder - Found config local: /home/miguelito/Documentos/module_cosimflow/nextflow.config
oct-25 21:19:45.316 [main] DEBUG nextflow.config.ConfigBuilder - Parsing config file: /home/miguelito/Documentos/module_cosimflow/nextflow.config
oct-25 21:19:45.341 [main] DEBUG n.secret.LocalSecretsProvider - Secrets store: /home/miguelito/.nextflow/secrets/store.json
oct-25 21:19:45.344 [main] DEBUG nextflow.secret.SecretsLoader - Discovered secrets providers: [nextflow.secret.LocalSecretsProvider@57b9e423] - activable => nextflow.secret.LocalSecretsProvider@57b9e423
oct-25 21:19:45.348 [main] DEBUG nextflow.config.ConfigBuilder - Applying config profile: `test`
oct-25 21:19:45.741 [main] DEBUG nextflow.config.ConfigBuilder - Available config profiles: [standard, test, conda, docker]
oct-25 21:19:45.771 [main] DEBUG nextflow.cli.CmdRun - Applied DSL=2 from script declaration
oct-25 21:19:45.782 [main] DEBUG nextflow.cli.CmdRun - Launching `tests/test_cosine_with_filter.nf` [boring_austin] DSL2 - revision: c9b86d31ba
oct-25 21:19:45.784 [main] DEBUG nextflow.plugin.PluginsFacade - Plugins default=[]
oct-25 21:19:45.785 [main] DEBUG nextflow.plugin.PluginsFacade - Plugins resolved requirement=[]
oct-25 21:19:45.843 [main] DEBUG nextflow.Session - Session UUID: 1f5ea48b-e35c-41b6-97bc-3b0f4138227b
oct-25 21:19:45.843 [main] DEBUG nextflow.Session - Run name: boring_austin
oct-25 21:19:45.843 [main] DEBUG nextflow.Session - Executor pool size: 8
oct-25 21:19:45.851 [main] DEBUG nextflow.file.FilePorter - File porter settings maxRetries=3; maxTransfers=50; pollTimeout=null
oct-25 21:19:45.858 [main] DEBUG nextflow.util.ThreadPoolBuilder - Creating thread pool 'FileTransfer' minSize=10; maxSize=24; workQueue=LinkedBlockingQueue[-1]; allowCoreThreadTimeout=false
oct-25 21:19:45.877 [main] DEBUG nextflow.cli.CmdRun - 
  Version: 25.04.7 build 5955
  Created: 08-09-2025 13:29 UTC (15:29 CEST)
  System: Linux 6.14.0-33-generic
  Runtime: Groovy 4.0.26 on OpenJDK 64-Bit Server VM 21.0.6+9-b895.97
  Encoding: UTF-8 (UTF-8)
  Process: 24915@miguelito-ASUS-TUF-Dash-F15-FX516PR-FX516PR [127.0.1.1]
  CPUs: 8 - Mem: 15.3 GB (1.7 GB) - Swap: 4 GB (3.9 GB)
oct-25 21:19:45.896 [main] DEBUG nextflow.Session - Work-dir: /home/miguelito/Documentos/module_cosimflow/work [ext2/ext3]
oct-25 21:19:45.897 [main] DEBUG nextflow.Session - Script base path does not exist or is not a directory: /home/miguelito/Documentos/module_cosimflow/tests/bin
oct-25 21:19:45.905 [main] DEBUG nextflow.executor.ExecutorFactory - Extension executors providers=[]
oct-25 21:19:45.913 [main] DEBUG nextflow.Session - Observer factory: DefaultObserverFactory
oct-25 21:19:45.918 [main] DEBUG nextflow.Session - Observer factory (v2): LinObserverFactory
oct-25 21:19:45.938 [main] DEBUG nextflow.cache.CacheFactory - Using Nextflow cache factory: nextflow.cache.DefaultCacheFactory
oct-25 21:19:45.946 [main] DEBUG nextflow.util.CustomThreadPool - Creating default thread pool > poolSize: 9; maxThreads: 1000
oct-25 21:19:45.992 [main] DEBUG nextflow.Session - Session start
oct-25 21:19:46.107 [main] DEBUG nextflow.script.ScriptRunner - > Launching execution
oct-25 21:19:46.422 [main] DEBUG nextflow.script.ScriptRunner - Parsed script files:
  Script_d7b3449636279eff: /home/miguelito/Documentos/module_cosimflow/modules/nf-core/custom_matrixfilter/main.nf
  Script_d971c416867ab416: /home/miguelito/Documentos/module_cosimflow/subworkflows/cosine_with_filter/main.nf
  Script_f40f9143e524be34: /home/miguelito/Documentos/module_cosimflow/tests/test_cosine_with_filter.nf
oct-25 21:19:46.431 [main] ERROR nextflow.cli.Launcher - Module compilation error
- file : /home/miguelito/Documentos/module_cosimflow/modules/local/compute_similarity/main.nf
- cause: Invalid workflow take @ line 38, column 5.
       val method
       ^

Module compilation error
- file : /home/miguelito/Documentos/module_cosimflow/modules/local/compute_similarity/main.nf
- cause: Invalid workflow take @ line 39, column 5.
       val min_gene_mean
       ^

Module compilation error
- file : /home/miguelito/Documentos/module_cosimflow/modules/local/compute_similarity/main.nf
- cause: Invalid workflow take @ line 40, column 5.
       val sample_cols
       ^

3 errors

nextflow.exception.ScriptCompilationException: Module compilation error
- file : /home/miguelito/Documentos/module_cosimflow/modules/local/compute_similarity/main.nf
- cause: Invalid workflow take @ line 38, column 5.
       val method
       ^

Module compilation error
- file : /home/miguelito/Documentos/module_cosimflow/modules/local/compute_similarity/main.nf
- cause: Invalid workflow take @ line 39, column 5.
       val min_gene_mean
       ^

Module compilation error
- file : /home/miguelito/Documentos/module_cosimflow/modules/local/compute_similarity/main.nf
- cause: Invalid workflow take @ line 40, column 5.
       val sample_cols
       ^

3 errors

	at nextflow.script.parser.v1.ScriptLoaderV1.parse0(ScriptLoaderV1.groovy:204)
	at nextflow.script.parser.v1.ScriptLoaderV1.parse(ScriptLoaderV1.groovy:215)
	at nextflow.script.parser.v1.ScriptLoaderV1.runScript(ScriptLoaderV1.groovy:230)
	at nextflow.script.IncludeDef.memoizedMethodPriv$loadModuleV1PathMapSession(IncludeDef.groovy:166)
	at nextflow.script.IncludeDef.access$1(IncludeDef.groovy)
	at nextflow.script.IncludeDef$__clinit__closure3.doCall(IncludeDef.groovy)
	at java.base/jdk.internal.reflect.DirectMethodHandleAccessor.invoke(DirectMethodHandleAccessor.java:103)
	at java.base/java.lang.reflect.Method.invoke(Method.java:580)
	at org.codehaus.groovy.reflection.CachedMethod.invoke(CachedMethod.java:343)
	at groovy.lang.MetaMethod.doMethodInvoke(MetaMethod.java:328)
	at org.codehaus.groovy.runtime.metaclass.ClosureMetaClass.invokeMethod(ClosureMetaClass.java:280)
	at groovy.lang.MetaClassImpl.invokeMethod(MetaClassImpl.java:1007)
	at groovy.lang.Closure.call(Closure.java:433)
	at org.codehaus.groovy.runtime.memoize.Memoize$MemoizeFunction.lambda$call$0(Memoize.java:137)
	at org.codehaus.groovy.runtime.memoize.ConcurrentCommonCache.getAndPut(ConcurrentCommonCache.java:137)
	at org.codehaus.groovy.runtime.memoize.ConcurrentCommonCache.getAndPut(ConcurrentCommonCache.java:113)
	at org.codehaus.groovy.runtime.memoize.Memoize$MemoizeFunction.call(Memoize.java:136)
	at nextflow.script.IncludeDef.loadModuleV1(IncludeDef.groovy)
	at nextflow.script.IncludeDef.load0(IncludeDef.groovy:113)
	at org.codehaus.groovy.vmplugin.v8.IndyInterface.fromCache(IndyInterface.java:321)
	at Script_d971c416867ab416.runScript(Script_d971c416867ab416:5)
	at org.codehaus.groovy.vmplugin.v8.IndyInterface.fromCache(IndyInterface.java:321)
	at nextflow.script.BaseScript.run0(BaseScript.groovy:159)
	at org.codehaus.groovy.vmplugin.v8.IndyInterface.fromCache(IndyInterface.java:321)
	at nextflow.script.BaseScript.run(BaseScript.groovy:193)
	at nextflow.script.parser.v1.ScriptLoaderV1.runScript(ScriptLoaderV1.groovy:246)
	at nextflow.script.parser.v1.ScriptLoaderV1.runScript(ScriptLoaderV1.groovy:231)
	at nextflow.script.IncludeDef.memoizedMethodPriv$loadModuleV1PathMapSession(IncludeDef.groovy:166)
	at nextflow.script.IncludeDef.access$1(IncludeDef.groovy)
	at nextflow.script.IncludeDef$__clinit__closure3.doCall(IncludeDef.groovy)
	at java.base/jdk.internal.reflect.DirectMethodHandleAccessor.invoke(DirectMethodHandleAccessor.java:103)
	at java.base/java.lang.reflect.Method.invoke(Method.java:580)
	at org.codehaus.groovy.reflection.CachedMethod.invoke(CachedMethod.java:343)
	at groovy.lang.MetaMethod.doMethodInvoke(MetaMethod.java:328)
	at org.codehaus.groovy.runtime.metaclass.ClosureMetaClass.invokeMethod(ClosureMetaClass.java:280)
	at groovy.lang.MetaClassImpl.invokeMethod(MetaClassImpl.java:1007)
	at groovy.lang.Closure.call(Closure.java:433)
	at org.codehaus.groovy.runtime.memoize.Memoize$MemoizeFunction.lambda$call$0(Memoize.java:137)
	at org.codehaus.groovy.runtime.memoize.ConcurrentCommonCache.getAndPut(ConcurrentCommonCache.java:137)
	at org.codehaus.groovy.runtime.memoize.ConcurrentCommonCache.getAndPut(ConcurrentCommonCache.java:113)
	at org.codehaus.groovy.runtime.memoize.Memoize$MemoizeFunction.call(Memoize.java:136)
	at nextflow.script.IncludeDef.loadModuleV1(IncludeDef.groovy)
	at nextflow.script.IncludeDef.load0(IncludeDef.groovy:113)
	at org.codehaus.groovy.vmplugin.v8.IndyInterface.fromCache(IndyInterface.java:321)
	at Script_f40f9143e524be34.runScript(Script_f40f9143e524be34:3)
	at org.codehaus.groovy.vmplugin.v8.IndyInterface.fromCache(IndyInterface.java:321)
	at nextflow.script.BaseScript.run0(BaseScript.groovy:159)
	at org.codehaus.groovy.vmplugin.v8.IndyInterface.fromCache(IndyInterface.java:321)
	at nextflow.script.BaseScript.run(BaseScript.groovy:193)
	at nextflow.script.parser.v1.ScriptLoaderV1.runScript(ScriptLoaderV1.groovy:246)
	at nextflow.script.parser.v1.ScriptLoaderV1.runScript(ScriptLoaderV1.groovy)
	at nextflow.script.ScriptRunner.run(ScriptRunner.groovy:246)
	at nextflow.script.ScriptRunner.execute(ScriptRunner.groovy:139)
	at nextflow.cli.CmdRun.run(CmdRun.groovy:379)
	at nextflow.cli.Launcher.run(Launcher.groovy:513)
	at nextflow.cli.Launcher.main(Launcher.groovy:673)
Caused by: org.codehaus.groovy.control.MultipleCompilationErrorsException: startup failed:
Script_6622b67cb74902aa: 38: Invalid workflow take @ line 38, column 5.
       val method
       ^

Script_6622b67cb74902aa: 39: Invalid workflow take @ line 39, column 5.
       val min_gene_mean
       ^

Script_6622b67cb74902aa: 40: Invalid workflow take @ line 40, column 5.
       val sample_cols
       ^

3 errors

	at org.codehaus.groovy.control.ErrorCollector.failIfErrors(ErrorCollector.java:292)
	at org.codehaus.groovy.control.CompilationUnit$IPrimaryClassNodeOperation.doPhaseOperation(CompilationUnit.java:980)
	at org.codehaus.groovy.control.CompilationUnit.processPhaseOperations(CompilationUnit.java:692)
	at org.codehaus.groovy.control.CompilationUnit.compile(CompilationUnit.java:666)
	at groovy.lang.GroovyClassLoader.doParseClass(GroovyClassLoader.java:365)
	at groovy.lang.GroovyClassLoader.lambda$parseClass$2(GroovyClassLoader.java:314)
	at org.codehaus.groovy.runtime.memoize.StampedCommonCache.compute(StampedCommonCache.java:163)
	at org.codehaus.groovy.runtime.memoize.StampedCommonCache.getAndPut(StampedCommonCache.java:154)
	at groovy.lang.GroovyClassLoader.parseClass(GroovyClassLoader.java:314)
	at groovy.lang.GroovyShell.parseClass(GroovyShell.java:572)
	at groovy.lang.GroovyShell.parse(GroovyShell.java:585)
	at groovy.lang.GroovyShell.parse(GroovyShell.java:639)
	at groovy.lang.GroovyShell.parse(GroovyShell.java:643)
	at nextflow.script.parser.v1.ScriptLoaderV1.parse0(ScriptLoaderV1.groovy:183)
	... 55 common frames omitted
